#! /usr/bin/vvp
:ivl_version "12.0 (stable)";
:ivl_delay_selection "TYPICAL";
:vpi_time_precision - 12;
:vpi_module "/usr/lib/x86_64-linux-gnu/ivl/system.vpi";
:vpi_module "/usr/lib/x86_64-linux-gnu/ivl/vhdl_sys.vpi";
:vpi_module "/usr/lib/x86_64-linux-gnu/ivl/vhdl_textio.vpi";
:vpi_module "/usr/lib/x86_64-linux-gnu/ivl/v2005_math.vpi";
:vpi_module "/usr/lib/x86_64-linux-gnu/ivl/va_math.vpi";
:vpi_module "/usr/lib/x86_64-linux-gnu/ivl/v2009.vpi";
S_0x64a154c145a0 .scope package, "$unit" "$unit" 2 1;
 .timescale 0 0;
S_0x64a154c14730 .scope module, "tb_mux2to1" "tb_mux2to1" 3 3;
 .timescale -9 -12;
v0x64a154c68b80_0 .var "a", 0 0;
v0x64a154c68c40_0 .var "b", 0 0;
v0x64a154c68d10_0 .var "sel", 0 0;
v0x64a154c68e10_0 .net "y", 0 0, L_0x64a154c68ee0;  1 drivers
S_0x64a154c538d0 .scope module, "dut" "mux2to1" 3 7, 4 1 0, S_0x64a154c14730;
 .timescale -9 -12;
    .port_info 0 /INPUT 1 "a";
    .port_info 1 /INPUT 1 "b";
    .port_info 2 /INPUT 1 "sel";
    .port_info 3 /OUTPUT 1 "y";
v0x64a154c53b20_0 .net "a", 0 0, v0x64a154c68b80_0;  1 drivers
v0x64a154c688b0_0 .net "b", 0 0, v0x64a154c68c40_0;  1 drivers
v0x64a154c68970_0 .net "sel", 0 0, v0x64a154c68d10_0;  1 drivers
v0x64a154c68a10_0 .net "y", 0 0, L_0x64a154c68ee0;  alias, 1 drivers
L_0x64a154c68ee0 .functor MUXZ 1, v0x64a154c68b80_0, v0x64a154c68c40_0, v0x64a154c68d10_0, C4<>;
    .scope S_0x64a154c14730;
T_0 ;
    %vpi_call/w 3 15 "$dumpfile", "sim/mux2to1.vcd" {0 0 0};
    %vpi_call/w 3 16 "$dumpvars", 32'sb00000000000000000000000000000000, S_0x64a154c14730 {0 0 0};
    %end;
    .thread T_0;
    .scope S_0x64a154c14730;
T_1 ;
    %pushi/vec4 0, 0, 1;
    %store/vec4 v0x64a154c68b80_0, 0, 1;
    %pushi/vec4 0, 0, 1;
    %store/vec4 v0x64a154c68c40_0, 0, 1;
    %pushi/vec4 0, 0, 1;
    %store/vec4 v0x64a154c68d10_0, 0, 1;
    %delay 10000, 0;
    %vpi_call/w 3 21 "$display", "a=%b b=%b sel=%b y=%b | expect 0", v0x64a154c68b80_0, v0x64a154c68c40_0, v0x64a154c68d10_0, v0x64a154c68e10_0 {0 0 0};
    %pushi/vec4 0, 0, 1;
    %store/vec4 v0x64a154c68b80_0, 0, 1;
    %pushi/vec4 1, 0, 1;
    %store/vec4 v0x64a154c68c40_0, 0, 1;
    %pushi/vec4 0, 0, 1;
    %store/vec4 v0x64a154c68d10_0, 0, 1;
    %delay 10000, 0;
    %vpi_call/w 3 24 "$display", "a=%b b=%b sel=%b y=%b | expect 0", v0x64a154c68b80_0, v0x64a154c68c40_0, v0x64a154c68d10_0, v0x64a154c68e10_0 {0 0 0};
    %pushi/vec4 1, 0, 1;
    %store/vec4 v0x64a154c68b80_0, 0, 1;
    %pushi/vec4 0, 0, 1;
    %store/vec4 v0x64a154c68c40_0, 0, 1;
    %pushi/vec4 0, 0, 1;
    %store/vec4 v0x64a154c68d10_0, 0, 1;
    %delay 10000, 0;
    %vpi_call/w 3 27 "$display", "a=%b b=%b sel=%b y=%b | expect 1", v0x64a154c68b80_0, v0x64a154c68c40_0, v0x64a154c68d10_0, v0x64a154c68e10_0 {0 0 0};
    %pushi/vec4 1, 0, 1;
    %store/vec4 v0x64a154c68b80_0, 0, 1;
    %pushi/vec4 1, 0, 1;
    %store/vec4 v0x64a154c68c40_0, 0, 1;
    %pushi/vec4 0, 0, 1;
    %store/vec4 v0x64a154c68d10_0, 0, 1;
    %delay 10000, 0;
    %vpi_call/w 3 30 "$display", "a=%b b=%b sel=%b y=%b | expect 1", v0x64a154c68b80_0, v0x64a154c68c40_0, v0x64a154c68d10_0, v0x64a154c68e10_0 {0 0 0};
    %pushi/vec4 0, 0, 1;
    %store/vec4 v0x64a154c68b80_0, 0, 1;
    %pushi/vec4 0, 0, 1;
    %store/vec4 v0x64a154c68c40_0, 0, 1;
    %pushi/vec4 1, 0, 1;
    %store/vec4 v0x64a154c68d10_0, 0, 1;
    %delay 10000, 0;
    %vpi_call/w 3 33 "$display", "a=%b b=%b sel=%b y=%b | expect 0", v0x64a154c68b80_0, v0x64a154c68c40_0, v0x64a154c68d10_0, v0x64a154c68e10_0 {0 0 0};
    %pushi/vec4 0, 0, 1;
    %store/vec4 v0x64a154c68b80_0, 0, 1;
    %pushi/vec4 1, 0, 1;
    %store/vec4 v0x64a154c68c40_0, 0, 1;
    %pushi/vec4 1, 0, 1;
    %store/vec4 v0x64a154c68d10_0, 0, 1;
    %delay 10000, 0;
    %vpi_call/w 3 36 "$display", "a=%b b=%b sel=%b y=%b | expect 1", v0x64a154c68b80_0, v0x64a154c68c40_0, v0x64a154c68d10_0, v0x64a154c68e10_0 {0 0 0};
    %pushi/vec4 1, 0, 1;
    %store/vec4 v0x64a154c68b80_0, 0, 1;
    %pushi/vec4 0, 0, 1;
    %store/vec4 v0x64a154c68c40_0, 0, 1;
    %pushi/vec4 1, 0, 1;
    %store/vec4 v0x64a154c68d10_0, 0, 1;
    %delay 10000, 0;
    %vpi_call/w 3 39 "$display", "a=%b b=%b sel=%b y=%b | expect 0", v0x64a154c68b80_0, v0x64a154c68c40_0, v0x64a154c68d10_0, v0x64a154c68e10_0 {0 0 0};
    %pushi/vec4 1, 0, 1;
    %store/vec4 v0x64a154c68b80_0, 0, 1;
    %pushi/vec4 1, 0, 1;
    %store/vec4 v0x64a154c68c40_0, 0, 1;
    %pushi/vec4 1, 0, 1;
    %store/vec4 v0x64a154c68d10_0, 0, 1;
    %delay 10000, 0;
    %vpi_call/w 3 42 "$display", "a=%b b=%b sel=%b y=%b | expect 1", v0x64a154c68b80_0, v0x64a154c68c40_0, v0x64a154c68d10_0, v0x64a154c68e10_0 {0 0 0};
    %vpi_call/w 3 44 "$finish" {0 0 0};
    %end;
    .thread T_1;
# The file index is used to find the file name in the following table.
:file_names 5;
    "N/A";
    "<interactive>";
    "-";
    "tb/tb_mux2to1.sv";
    "rtl/mux2to1.sv";
